m:\coursework\cmp102 software design\week 2\bank-app-1\bankapplaptop\bankapplaptop\debug\vc141.pdb
m:\coursework\cmp102 software design\week 2\bank-app-1\bankapplaptop\bankapplaptop\debug\vc141.idb
m:\coursework\cmp102 software design\week 2\bank-app-1\bankapplaptop\bankapplaptop\debug\userinterface.obj
m:\coursework\cmp102 software design\week 2\bank-app-1\bankapplaptop\bankapplaptop\debug\data.obj
m:\coursework\cmp102 software design\week 2\bank-app-1\bankapplaptop\bankapplaptop\debug\customer.obj
m:\coursework\cmp102 software design\week 2\bank-app-1\bankapplaptop\bankapplaptop\debug\bankapplaptop.obj
m:\coursework\cmp102 software design\week 2\bank-app-1\bankapplaptop\bankapplaptop\debug\account.obj
m:\coursework\cmp102 software design\week 2\bank-app-1\bankapplaptop\bankapplaptop\debug\loan.obj
m:\coursework\cmp102 software design\week 2\bank-app-1\bankapplaptop\bankapplaptop\debug\interest.obj
\\stuhome\homedrive5$\1800715\coursework\cmp102 software design\week 2\bank-app-1\bankapplaptop\bankapplaptop\debug\bankapplaptop.pch
\\stuhome\homedrive5$\1800715\coursework\cmp102 software design\week 2\bank-app-1\bankapplaptop\bankapplaptop\debug\pch.obj
\\stuhome\homedrive5$\1800715\coursework\cmp102 software design\week 2\bank-app-1\bankapplaptop\bankapplaptop\debug\vc141.pdb
\\stuhome\homedrive5$\1800715\coursework\cmp102 software design\week 2\bank-app-1\bankapplaptop\bankapplaptop\debug\vc141.idb
\\stuhome\homedrive5$\1800715\coursework\cmp102 software design\week 2\bank-app-1\bankapplaptop\bankapplaptop\debug\userinterface.obj
\\stuhome\homedrive5$\1800715\coursework\cmp102 software design\week 2\bank-app-1\bankapplaptop\bankapplaptop\debug\loan.obj
\\stuhome\homedrive5$\1800715\coursework\cmp102 software design\week 2\bank-app-1\bankapplaptop\bankapplaptop\debug\interest.obj
\\stuhome\homedrive5$\1800715\coursework\cmp102 software design\week 2\bank-app-1\bankapplaptop\bankapplaptop\debug\data.obj
\\stuhome\homedrive5$\1800715\coursework\cmp102 software design\week 2\bank-app-1\bankapplaptop\bankapplaptop\debug\customer.obj
\\stuhome\homedrive5$\1800715\coursework\cmp102 software design\week 2\bank-app-1\bankapplaptop\bankapplaptop\debug\bankapplaptop.obj
\\stuhome\homedrive5$\1800715\coursework\cmp102 software design\week 2\bank-app-1\bankapplaptop\bankapplaptop\debug\account.obj
m:\coursework\cmp102 software design\week 2\bank-app-1\bankapplaptop\bankapplaptop\debug\creditcard.obj
\\stuhome\homedrive5$\1800715\coursework\cmp102 software design\week 2\bank-app-1\bankapplaptop\debug\bankapplaptop.exe
\\stuhome\homedrive5$\1800715\coursework\cmp102 software design\week 2\bank-app-1\bankapplaptop\debug\bankapplaptop.ilk
\\stuhome\homedrive5$\1800715\coursework\cmp102 software design\week 2\bank-app-1\bankapplaptop\debug\bankapplaptop.pdb
m:\coursework\cmp102 software design\week 2\bank-app-1\bankapplaptop\debug\bankapplaptop.exe
m:\coursework\cmp102 software design\week 2\bank-app-1\bankapplaptop\debug\bankapplaptop.ilk
m:\coursework\cmp102 software design\week 2\bank-app-1\bankapplaptop\debug\bankapplaptop.pdb
m:\coursework\cmp102 software design\week 2\bank-app-1\bankapplaptop\bankapplaptop\debug\bankapplaptop.vcxprojresolveassemblyreference.cache
m:\coursework\cmp102 software design\week 2\bank-app-1\bankapplaptop\bankapplaptop\debug\pch.obj
m:\coursework\cmp102 software design\week 2\bank-app-1\bankapplaptop\bankapplaptop\debug\bankapplaptop.pch
m:\coursework\cmp102 software design\week 2\bank-app-1\bankapplaptop\bankapplaptop\debug\bankapplaptop.tlog\cl.command.1.tlog
m:\coursework\cmp102 software design\week 2\bank-app-1\bankapplaptop\bankapplaptop\debug\bankapplaptop.tlog\cl.read.1.tlog
m:\coursework\cmp102 software design\week 2\bank-app-1\bankapplaptop\bankapplaptop\debug\bankapplaptop.tlog\cl.write.1.tlog
m:\coursework\cmp102 software design\week 2\bank-app-1\bankapplaptop\bankapplaptop\debug\bankapplaptop.tlog\link.command.1.tlog
m:\coursework\cmp102 software design\week 2\bank-app-1\bankapplaptop\bankapplaptop\debug\bankapplaptop.tlog\link.read.1.tlog
m:\coursework\cmp102 software design\week 2\bank-app-1\bankapplaptop\bankapplaptop\debug\bankapplaptop.tlog\link.write.1.tlog
